SF:lib\data\models\movie_table.dart
DA:17,5
DA:25,4
DA:26,2
DA:27,2
DA:28,2
DA:29,2
DA:33,6
DA:34,3
DA:35,3
DA:36,3
DA:37,3
DA:38,3
DA:41,4
DA:42,2
DA:43,2
DA:44,2
DA:45,2
DA:46,2
DA:49,4
DA:50,2
DA:51,2
DA:52,2
DA:53,2
DA:54,2
DA:57,4
DA:58,20
LF:26
LH:26
end_of_record
SF:lib\data\datasources\movie_local_data_source.dart
DA:15,2
DA:17,2
DA:20,4
DA:23,4
DA:27,2
DA:30,4
DA:33,4
DA:37,2
DA:39,4
DA:41,2
DA:47,2
DA:49,4
DA:50,8
LF:13
LH:13
end_of_record
SF:lib\data\datasources\movie_remote_data_source.dart
DA:24,1
DA:26,1
DA:29,3
DA:31,2
DA:32,4
DA:34,1
DA:38,1
DA:41,4
DA:43,2
DA:44,3
DA:46,1
DA:50,1
DA:52,1
DA:53,3
DA:55,2
DA:56,4
DA:58,1
DA:62,1
DA:65,3
DA:67,2
DA:68,4
DA:70,1
DA:74,1
DA:77,3
DA:79,2
DA:80,4
DA:82,1
DA:86,1
DA:88,1
DA:89,3
DA:91,2
DA:92,4
DA:94,1
LF:33
LH:33
end_of_record
SF:lib\data\models\movie_detail_model.dart
DA:6,3
DA:52,2
DA:53,2
DA:54,2
DA:55,2
DA:56,2
DA:57,2
DA:58,8
DA:59,2
DA:60,2
DA:61,2
DA:62,2
DA:63,2
DA:64,2
DA:65,4
DA:66,2
DA:67,2
DA:68,2
DA:69,2
DA:70,2
DA:71,2
DA:72,2
DA:73,2
DA:74,4
DA:75,2
DA:79,2
DA:80,1
DA:81,1
DA:82,1
DA:83,5
DA:84,1
DA:85,1
DA:86,1
DA:87,1
DA:88,1
DA:89,1
DA:90,1
DA:91,1
DA:92,1
DA:93,1
DA:94,1
DA:95,1
DA:96,1
DA:97,1
DA:98,1
DA:99,1
DA:100,1
DA:103,1
DA:104,1
DA:105,1
DA:106,1
DA:107,5
DA:108,1
DA:109,1
DA:110,1
DA:111,1
DA:112,1
DA:113,1
DA:114,1
DA:115,1
DA:116,1
DA:120,2
DA:121,2
DA:122,2
DA:123,2
DA:124,2
DA:125,2
DA:126,2
DA:127,2
DA:128,2
DA:129,2
DA:130,2
DA:131,2
DA:132,2
DA:133,2
DA:134,2
DA:135,2
DA:136,2
DA:137,2
DA:138,2
DA:139,2
DA:140,2
DA:141,2
DA:142,2
LF:84
LH:84
end_of_record
SF:lib\data\models\movie_model.dart
DA:5,4
DA:35,4
DA:36,2
DA:37,2
DA:38,8
DA:39,2
DA:40,2
DA:41,2
DA:42,4
DA:43,2
DA:44,2
DA:45,2
DA:46,2
DA:47,4
DA:48,2
DA:51,2
DA:52,1
DA:53,1
DA:54,4
DA:55,1
DA:56,1
DA:57,1
DA:58,1
DA:59,1
DA:60,1
DA:61,1
DA:62,1
DA:63,1
DA:64,1
DA:67,2
DA:68,2
DA:69,2
DA:70,2
DA:71,2
DA:72,2
DA:73,2
DA:74,2
DA:75,2
DA:76,2
DA:77,2
DA:78,2
DA:79,2
DA:80,2
DA:81,2
DA:85,2
DA:86,2
DA:87,2
DA:88,2
DA:89,2
DA:90,2
DA:91,2
DA:92,2
DA:93,2
DA:94,2
DA:95,2
DA:96,2
DA:97,2
DA:98,2
DA:99,2
LF:59
LH:59
end_of_record
SF:lib\data\models\movie_response.dart
DA:7,2
DA:9,4
DA:10,4
DA:11,6
DA:12,6
DA:15,2
DA:16,5
DA:19,1
DA:20,2
LF:9
LH:9
end_of_record
SF:lib\data\models\genre_model.dart
DA:5,4
DA:13,6
DA:14,3
DA:15,3
DA:18,4
DA:19,2
DA:20,2
DA:23,2
DA:24,6
DA:27,3
DA:28,9
LF:11
LH:11
end_of_record
SF:lib\domain\entities\genre.dart
DA:4,10
DA:12,5
DA:13,15
LF:3
LH:3
end_of_record
SF:lib\domain\entities\movie_detail.dart
DA:5,9
DA:33,3
DA:34,3
DA:35,3
DA:36,3
DA:37,3
DA:38,3
DA:39,3
DA:40,3
DA:41,3
DA:42,3
DA:43,3
DA:44,3
DA:45,3
LF:14
LH:14
end_of_record
SF:lib\domain\entities\movie.dart
DA:4,16
DA:20,4
DA:43,5
DA:44,5
DA:45,5
DA:46,5
DA:47,5
DA:48,5
DA:49,5
DA:50,5
DA:51,5
DA:52,5
DA:53,5
DA:54,5
DA:55,5
DA:56,5
DA:57,5
LF:17
LH:17
end_of_record
SF:lib\data\repositories\movie_repository_impl.dart
DA:17,1
DA:22,1
DA:25,2
DA:26,5
DA:27,1
DA:28,2
DA:29,1
DA:30,2
DA:34,1
DA:37,2
DA:38,2
DA:39,1
DA:40,2
DA:41,1
DA:42,2
DA:46,1
DA:49,2
DA:50,3
DA:51,1
DA:52,2
DA:53,1
DA:54,2
DA:58,1
DA:61,2
DA:62,5
DA:63,1
DA:64,2
DA:65,1
DA:66,2
DA:70,1
DA:73,2
DA:74,5
DA:75,1
DA:76,2
DA:77,1
DA:78,2
DA:82,1
DA:85,2
DA:86,5
DA:87,1
DA:88,2
DA:89,1
DA:90,2
DA:94,1
DA:98,3
DA:99,1
DA:100,1
DA:101,3
DA:107,1
DA:111,3
DA:112,1
DA:113,1
DA:114,3
DA:118,1
DA:120,2
DA:124,1
DA:126,2
DA:127,5
LF:58
LH:58
end_of_record
SF:lib\domain\usecases\get_movie_detail.dart
DA:9,1
DA:11,1
DA:12,2
LF:3
LH:3
end_of_record
SF:lib\domain\usecases\get_movie_recommendations.dart
DA:9,1
DA:11,1
DA:12,2
LF:3
LH:3
end_of_record
SF:lib\domain\usecases\get_now_playing_movies.dart
DA:9,1
DA:11,1
DA:12,2
LF:3
LH:3
end_of_record
SF:lib\domain\usecases\get_popular_movies.dart
DA:9,1
DA:11,1
DA:12,2
LF:3
LH:3
end_of_record
SF:lib\domain\usecases\get_top_rated_movies.dart
DA:9,1
DA:11,1
DA:12,2
LF:3
LH:3
end_of_record
SF:lib\domain\usecases\get_watchlist_movies.dart
DA:9,1
DA:11,1
DA:12,2
LF:3
LH:3
end_of_record
SF:lib\domain\usecases\get_watchlist_status.dart
DA:6,1
DA:8,1
DA:9,2
LF:3
LH:3
end_of_record
SF:lib\domain\usecases\remove_watchlist.dart
DA:9,1
DA:11,1
DA:12,2
LF:3
LH:3
end_of_record
SF:lib\domain\usecases\save_watchlist.dart
DA:9,1
DA:11,1
DA:12,2
LF:3
LH:3
end_of_record
SF:lib\domain\usecases\search_movies.dart
DA:9,1
DA:11,1
DA:12,2
LF:3
LH:3
end_of_record
SF:lib\domain\usecases\search_serial_tv.dart
DA:9,1
DA:11,1
DA:12,2
LF:3
LH:3
end_of_record
SF:lib\presentation\bloc\get_detail_movie\get_detail_movie_event.dart
DA:4,1
DA:9,1
DA:14,1
LF:3
LH:3
end_of_record
SF:lib\presentation\bloc\get_detail_movie\get_detail_movie_bloc.dart
DA:14,1
DA:15,2
DA:16,2
DA:17,2
DA:20,1
DA:24,2
DA:26,3
DA:28,1
DA:29,1
DA:30,3
DA:32,1
DA:33,3
DA:35,1
DA:36,1
DA:45,1
DA:47,1
DA:48,1
DA:49,3
DA:50,2
LF:19
LH:19
end_of_record
SF:lib\presentation\bloc\get_detail_movie\get_detail_movie_state.dart
DA:4,2
DA:6,1
DA:7,1
DA:18,2
DA:23,1
DA:27,1
DA:28,1
DA:29,0
DA:33,1
DA:34,3
DA:39,1
LF:11
LH:10
end_of_record
SF:lib\presentation\bloc\get_movie_recommendation\get_movie_recommendation_event.dart
DA:4,1
DA:9,1
DA:11,1
DA:12,2
LF:4
LH:4
end_of_record
SF:lib\presentation\bloc\get_movie_recommendation\get_movie_recommendation_state.dart
DA:4,3
DA:6,1
DA:7,1
DA:16,3
DA:21,1
LF:5
LH:5
end_of_record
SF:lib\presentation\bloc\get_movie_recommendation\get_movie_recommendation_bloc.dart
DA:12,1
DA:13,2
DA:14,2
DA:17,1
DA:21,2
DA:23,3
DA:25,1
DA:26,4
DA:27,3
LF:9
LH:9
end_of_record
SF:lib\presentation\bloc\get_popular_movie\get_popular_movie_event.dart
DA:4,0
DA:6,1
DA:8,1
DA:12,0
LF:4
LH:2
end_of_record
SF:lib\presentation\bloc\get_popular_movie\get_popular_movie_state.dart
DA:4,2
DA:6,1
DA:7,1
DA:16,2
DA:21,1
LF:5
LH:5
end_of_record
SF:lib\presentation\bloc\get_popular_movie\get_popular_movie_bloc.dart
DA:12,1
DA:13,2
DA:14,2
DA:17,1
DA:19,2
DA:21,2
DA:23,5
DA:24,3
LF:8
LH:8
end_of_record
SF:lib\presentation\bloc\search\search_bloc.dart
DA:15,1
DA:16,2
DA:17,2
DA:20,1
DA:24,2
DA:26,3
DA:27,3
DA:29,1
DA:30,1
DA:31,1
DA:32,3
DA:38,1
DA:39,0
DA:40,0
DA:41,0
DA:47,1
DA:48,1
DA:50,2
DA:51,2
DA:55,1
DA:56,1
LF:21
LH:18
end_of_record
SF:lib\presentation\bloc\search\search_state.dart
DA:4,2
DA:6,1
DA:7,1
DA:18,1
DA:25,2
LF:5
LH:5
end_of_record
SF:lib\presentation\bloc\search\search_event.dart
DA:4,1
DA:9,1
DA:10,2
DA:11,4
LF:4
LH:4
end_of_record
SF:lib\presentation\bloc\watchlist\watchlist_bloc.dart
DA:18,1
DA:22,2
DA:23,2
DA:24,2
DA:25,2
DA:28,1
DA:30,2
DA:32,2
DA:33,1
DA:34,4
DA:35,1
DA:36,1
DA:37,2
DA:39,2
DA:45,1
DA:47,2
DA:49,3
DA:51,5
DA:52,3
DA:55,1
DA:57,2
DA:59,3
DA:61,5
DA:62,3
LF:24
LH:24
end_of_record
SF:lib\presentation\bloc\watchlist\watchlist_state.dart
DA:4,3
DA:6,1
DA:7,1
DA:12,2
DA:14,1
DA:15,2
DA:24,1
DA:26,1
DA:27,2
DA:37,1
DA:39,1
DA:40,2
DA:46,1
DA:48,1
DA:49,2
DA:54,1
DA:56,1
DA:57,2
LF:18
LH:18
end_of_record
SF:lib\presentation\bloc\watchlist\watchlist_event.dart
DA:4,3
DA:6,0
DA:7,0
DA:14,2
DA:19,2
LF:5
LH:3
end_of_record
SF:lib\presentation\bloc\get_playing_now_movie\get_movie_bloc.dart
DA:12,3
DA:13,2
DA:16,1
DA:18,2
DA:20,2
DA:22,5
DA:23,3
LF:7
LH:7
end_of_record
SF:lib\presentation\bloc\get_playing_now_movie\get_movie_state.dart
DA:4,1
DA:6,1
DA:7,1
DA:17,1
DA:23,1
LF:5
LH:5
end_of_record
SF:lib\presentation\bloc\get_playing_now_movie\get_movie_event.dart
DA:4,1
DA:6,1
DA:7,1
DA:11,1
LF:4
LH:4
end_of_record
SF:lib\presentation\bloc\get_movie_top_rated\get_movie_top_rated_event.dart
DA:4,1
DA:6,1
DA:7,1
LF:3
LH:3
end_of_record
SF:lib\presentation\bloc\get_movie_top_rated\get_movie_top_rated_bloc.dart
DA:12,1
DA:13,2
DA:14,2
DA:17,1
DA:19,2
DA:21,2
DA:22,5
DA:23,3
LF:8
LH:8
end_of_record
SF:lib\presentation\bloc\get_movie_top_rated\get_movie_top_rated_state.dart
DA:4,1
DA:6,1
DA:7,1
DA:16,1
DA:21,1
LF:5
LH:5
end_of_record
SF:lib\presentation\pages\about_page.dart
DA:7,1
DA:9,1
DA:10,1
DA:11,1
DA:12,1
DA:13,1
DA:14,1
DA:15,1
DA:17,1
DA:18,1
DA:25,1
DA:26,1
DA:29,1
DA:31,1
DA:38,1
DA:39,1
DA:40,0
DA:41,1
LF:18
LH:17
end_of_record
SF:lib\presentation\pages\movie_detail_page.dart
DA:17,1
DA:19,1
DA:20,1
DA:24,1
DA:26,1
DA:27,2
DA:28,1
DA:29,1
DA:30,4
DA:31,1
DA:32,1
DA:33,4
DA:37,1
DA:39,1
DA:40,1
DA:41,1
DA:42,2
DA:43,1
DA:44,2
DA:48,2
DA:49,3
DA:53,1
DA:54,2
DA:55,1
DA:56,2
DA:60,2
DA:61,3
DA:65,1
DA:66,1
DA:68,2
DA:69,2
DA:74,1
DA:75,1
DA:76,1
DA:77,1
DA:83,1
DA:84,1
DA:86,1
DA:87,1
DA:93,1
DA:94,1
DA:95,1
DA:96,1
DA:97,1
DA:98,1
DA:103,0
DA:104,0
DA:105,0
DA:114,1
DA:115,1
DA:116,2
DA:133,1
DA:135,1
DA:137,1
DA:138,1
DA:139,1
DA:140,3
DA:142,1
DA:144,1
DA:145,1
DA:146,1
DA:147,1
DA:149,2
DA:156,1
DA:157,1
DA:158,1
DA:160,1
DA:162,1
DA:164,1
DA:165,1
DA:166,2
DA:167,1
DA:169,1
DA:170,1
DA:171,1
DA:173,1
DA:174,3
DA:177,1
DA:178,3
DA:181,1
DA:183,1
DA:184,1
DA:185,1
DA:186,1
DA:187,1
DA:191,1
DA:192,3
DA:194,1
DA:195,3
DA:197,1
DA:198,1
DA:199,1
DA:200,3
DA:202,2
DA:208,4
DA:211,1
DA:212,1
DA:214,1
DA:216,1
DA:217,2
DA:219,1
DA:220,1
DA:222,1
DA:224,1
DA:226,1
DA:227,1
DA:228,0
DA:229,0
DA:231,1
DA:232,1
DA:234,1
DA:236,1
DA:237,2
DA:238,1
DA:240,1
DA:241,0
DA:242,0
DA:245,0
DA:248,1
DA:249,1
DA:250,1
DA:252,1
DA:254,2
DA:260,2
DA:264,0
DA:272,1
DA:274,1
DA:289,1
DA:291,1
DA:294,1
DA:295,1
DA:296,0
DA:297,0
DA:306,1
DA:308,2
DA:309,3
DA:312,1
DA:316,3
DA:319,1
DA:320,1
DA:321,1
DA:323,1
DA:324,1
DA:326,0
LF:144
LH:132
end_of_record
SF:lib\presentation\widgets\cache_image.dart
DA:6,2
DA:8,2
DA:10,2
DA:11,2
DA:12,2
DA:15,0
LF:6
LH:5
end_of_record
SF:lib\presentation\pages\watchlist_movies_page.dart
DA:12,1
DA:13,1
DA:18,1
DA:20,1
DA:21,1
DA:22,5
DA:25,1
DA:27,1
DA:28,4
DA:31,0
DA:33,0
DA:34,0
DA:38,1
DA:40,1
DA:41,1
DA:42,1
DA:44,1
DA:46,1
DA:47,1
DA:48,1
DA:49,1
DA:50,1
DA:52,1
DA:53,1
DA:54,1
DA:56,1
DA:57,1
DA:58,1
DA:59,2
DA:60,2
DA:61,1
DA:63,1
DA:64,1
DA:66,1
DA:67,1
DA:68,1
DA:69,1
DA:74,2
DA:77,1
DA:78,1
DA:79,1
DA:88,1
DA:90,2
DA:91,1
LF:44
LH:41
end_of_record
SF:lib\presentation\widgets\movie_card_list.dart
DA:10,5
DA:12,5
DA:14,5
DA:16,5
DA:17,1
DA:18,1
DA:21,2
DA:24,5
DA:26,5
DA:27,5
DA:28,5
DA:34,5
DA:36,5
DA:37,5
DA:38,10
DA:41,5
DA:43,5
DA:44,5
DA:45,10
DA:53,5
DA:58,5
DA:59,5
DA:60,15
DA:62,10
DA:63,5
DA:65,0
DA:67,10
LF:27
LH:26
end_of_record
SF:lib\presentation\pages\popular_movies_page.dart
DA:9,1
DA:10,1
DA:14,1
DA:16,1
DA:17,3
DA:18,1
DA:19,1
DA:22,1
DA:24,1
DA:25,1
DA:26,1
DA:28,1
DA:30,1
DA:31,1
DA:32,1
DA:33,2
DA:34,1
DA:35,1
DA:36,1
DA:37,2
DA:38,1
DA:40,2
DA:43,1
LF:23
LH:23
end_of_record
SF:lib\presentation\pages\top_rated_movies_page.dart
DA:9,1
DA:10,1
DA:14,1
DA:16,1
DA:17,3
DA:18,1
DA:19,1
DA:22,1
DA:24,1
DA:25,1
DA:26,1
DA:28,1
DA:30,1
DA:32,1
DA:33,1
DA:34,2
DA:35,1
DA:36,1
DA:37,1
DA:38,2
DA:39,1
DA:41,2
DA:44,1
LF:23
LH:23
end_of_record
SF:lib\presentation\pages\search_page.dart
DA:11,1
DA:13,1
DA:14,1
DA:15,1
DA:17,1
DA:19,1
DA:21,1
DA:22,1
DA:23,1
DA:24,3
DA:25,1
DA:27,1
DA:28,1
DA:32,1
DA:33,1
DA:35,1
DA:37,2
DA:38,1
DA:39,1
DA:40,2
DA:41,1
DA:42,1
DA:43,1
DA:44,1
DA:46,1
DA:47,1
DA:48,1
DA:50,1
DA:53,1
DA:54,1
DA:55,2
DA:57,1
DA:61,1
DA:63,1
DA:65,2
DA:66,1
DA:67,2
DA:68,1
DA:69,1
DA:70,1
DA:71,1
DA:73,1
DA:74,1
DA:75,1
DA:77,1
DA:80,1
DA:81,1
DA:82,2
DA:84,1
LF:49
LH:49
end_of_record
